2023-04-29 00:08:38:838 [31merror[39m: [31mError initializing data source The server does not support SSL connections[39m
2023-04-29 00:10:37:1037 [31merror[39m: [31mError initializing data source The server does not support SSL connections[39m
2023-04-29 00:13:52:1352 [31merror[39m: [31mError initializing data source The server does not support SSL connections[39m
2023-04-29 00:15:38:1538 [31merror[39m: [31mError initializing data source database "tosin" does not exist[39m
2023-04-29 00:17:14:1714 [31merror[39m: [31mError initializing data source The server does not support SSL connections[39m
2023-04-29 00:17:27:1727 [31merror[39m: [31mError initializing data source The server does not support SSL connections[39m
2023-04-29 00:18:43:1843 [32minfo[39m: [32mData source initialized successfully[39m
2023-04-29 01:03:29:329 [32minfo[39m: [32mData source initialized successfully[39m
2023-05-03 11:17:03:173 [32minfo[39m: [32mData source initialized successfully[39m
2023-05-03 11:17:03:173 [32minfo[39m: [32mServer lauched successfully on port 5500[39m
2023-05-03 11:19:22:1922 [32minfo[39m: [32mData source initialized successfully[39m
2023-05-03 11:19:22:1922 [32minfo[39m: [32mServer lauched successfully on port 5500[39m
2023-05-03 11:19:45:1945 [32minfo[39m: [32mData source initialized successfully[39m
2023-05-03 11:19:45:1945 [32minfo[39m: [32mServer lauched successfully on port 5500[39m
2023-05-03 11:23:38:2338 [32minfo[39m: [32mData source initialized successfully[39m
2023-05-03 11:23:38:2338 [32minfo[39m: [32mServer lauched successfully on port 5500[39m
2023-05-03 11:33:06:336 [32minfo[39m: [32mData source initialized successfully[39m
2023-05-03 11:33:06:336 [32minfo[39m: [32mServer lauched successfully on port 5500[39m
2023-05-03 11:33:23:3323 [32minfo[39m: [32mData source initialized successfully[39m
2023-05-03 11:33:23:3323 [32minfo[39m: [32mServer lauched successfully on port 5500[39m
2023-05-03 11:33:28:3328 [32minfo[39m: [32mData source initialized successfully[39m
2023-05-03 11:33:28:3328 [32minfo[39m: [32mServer lauched successfully on port 5500[39m
2023-05-03 11:33:34:3334 [32minfo[39m: [32mData source initialized successfully[39m
2023-05-03 11:33:34:3334 [32minfo[39m: [32mServer lauched successfully on port 5500[39m
2023-05-03 11:33:41:3341 [32minfo[39m: [32mData source initialized successfully[39m
2023-05-03 11:33:41:3341 [32minfo[39m: [32mServer lauched successfully on port 5500[39m
2023-05-03 11:33:50:3350 [32minfo[39m: [32mData source initialized successfully[39m
2023-05-03 11:33:50:3350 [32minfo[39m: [32mServer lauched successfully on port 5500[39m
2023-05-03 11:35:10:3510 [32minfo[39m: [32mData source initialized successfully[39m
2023-05-03 11:35:10:3510 [32minfo[39m: [32mServer lauched successfully on port 5500[39m
2023-05-03 11:35:23:3523 [32minfo[39m: [32mData source initialized successfully[39m
2023-05-03 11:35:23:3523 [32minfo[39m: [32mServer lauched successfully on port 5500[39m
2023-05-03 11:35:54:3554 [32minfo[39m: [32mData source initialized successfully[39m
2023-05-03 11:35:54:3554 [32minfo[39m: [32mServer lauched successfully on port 5500[39m
2023-05-03 11:35:58:3558 [32minfo[39m: [32mData source initialized successfully[39m
2023-05-03 11:35:58:3558 [32minfo[39m: [32mServer lauched successfully on port 5500[39m
2023-05-03 11:36:13:3613 [32minfo[39m: [32mData source initialized successfully[39m
2023-05-03 11:36:13:3613 [32minfo[39m: [32mServer lauched successfully on port 5500[39m
2023-05-03 11:36:28:3628 [32minfo[39m: [32mData source initialized successfully[39m
2023-05-03 11:36:28:3628 [32minfo[39m: [32mServer lauched successfully on port 5500[39m
2023-05-03 11:37:06:376 [32minfo[39m: [32mData source initialized successfully[39m
2023-05-03 11:37:06:376 [32minfo[39m: [32mServer lauched successfully on port 5500[39m
2023-05-03 11:38:23:3823 [32minfo[39m: [32mData source initialized successfully[39m
2023-05-03 11:38:23:3823 [32minfo[39m: [32mServer lauched successfully on port 5500[39m
2023-05-03 11:39:32:3932 [32minfo[39m: [32mData source initialized successfully[39m
2023-05-03 11:39:32:3932 [32minfo[39m: [32mServer lauched successfully on port 5500[39m
2023-05-03 11:39:43:3943 [32minfo[39m: [32mData source initialized successfully[39m
2023-05-03 11:39:43:3943 [32minfo[39m: [32mServer lauched successfully on port 5500[39m
2023-05-03 11:40:27:4027 [32minfo[39m: [32mData source initialized successfully[39m
2023-05-03 11:40:27:4027 [32minfo[39m: [32mServer lauched successfully on port 5500[39m
2023-05-03 11:40:55:4055 [32minfo[39m: [32mData source initialized successfully[39m
2023-05-03 11:40:55:4055 [32minfo[39m: [32mServer lauched successfully on port 5500[39m
2023-05-03 11:43:46:4346 [32minfo[39m: [32mData source initialized successfully[39m
2023-05-03 11:43:46:4346 [32minfo[39m: [32mServer lauched successfully on port 5500[39m
2023-05-03 11:44:09:449 [32minfo[39m: [32mData source initialized successfully[39m
2023-05-03 11:44:09:449 [32minfo[39m: [32mServer lauched successfully on port 5500[39m
2023-05-03 11:44:16:4416 [32minfo[39m: [32mData source initialized successfully[39m
2023-05-03 11:44:16:4416 [32minfo[39m: [32mServer lauched successfully on port 5500[39m
2023-05-03 11:44:40:4440 [32minfo[39m: [32mData source initialized successfully[39m
2023-05-03 11:44:40:4440 [32minfo[39m: [32mServer lauched successfully on port 5500[39m
2023-05-03 11:44:51:4451 [35mhttp[39m: [35mGET / 200 58 - 2.732 ms[39m
[35m[39m
2023-05-03 11:44:52:4452 [35mhttp[39m: [35mGET /favicon.ico 404 48 - 0.772 ms[39m
[35m[39m
2023-05-03 11:45:00:450 [35mhttp[39m: [35mGET /categories 404 48 - 0.518 ms[39m
[35m[39m
2023-05-03 11:45:28:4528 [32minfo[39m: [32mData source initialized successfully[39m
2023-05-03 11:45:28:4528 [32minfo[39m: [32mServer lauched successfully on port 5500[39m
2023-05-03 11:45:32:4532 [32minfo[39m: [32mData source initialized successfully[39m
2023-05-03 11:45:32:4532 [32minfo[39m: [32mServer lauched successfully on port 5500[39m
2023-05-03 11:45:41:4541 [35mhttp[39m: [35mGET /categories 200 2 - 2.735 ms[39m
[35m[39m
2023-05-03 11:45:43:4543 [35mhttp[39m: [35mGET /categories 304 - - 0.705 ms[39m
[35m[39m
2023-05-03 11:45:47:4547 [35mhttp[39m: [35mGET /categoriesd 404 48 - 0.711 ms[39m
[35m[39m
2023-05-03 11:45:49:4549 [35mhttp[39m: [35mGET /categories 304 - - 0.569 ms[39m
[35m[39m
2023-05-03 11:45:58:4558 [32minfo[39m: [32mData source initialized successfully[39m
2023-05-03 11:45:58:4558 [32minfo[39m: [32mServer lauched successfully on port 5500[39m
2023-05-03 11:46:14:4614 [32minfo[39m: [32mData source initialized successfully[39m
2023-05-03 11:46:14:4614 [32minfo[39m: [32mServer lauched successfully on port 5500[39m
2023-05-03 11:46:15:4615 [35mhttp[39m: [35mGET /categories 404 48 - 2.573 ms[39m
[35m[39m
2023-05-03 11:46:16:4616 [35mhttp[39m: [35mGET /categories 404 48 - 0.551 ms[39m
[35m[39m
2023-05-03 11:46:20:4620 [35mhttp[39m: [35mGET /v1/categories 404 48 - 0.331 ms[39m
[35m[39m
2023-05-03 11:46:30:4630 [32minfo[39m: [32mData source initialized successfully[39m
2023-05-03 11:46:30:4630 [32minfo[39m: [32mServer lauched successfully on port 5500[39m
2023-05-03 11:46:31:4631 [35mhttp[39m: [35mGET /v1/categories 404 48 - 2.630 ms[39m
[35m[39m
2023-05-03 11:46:32:4632 [35mhttp[39m: [35mGET /v1/categories 404 48 - 0.483 ms[39m
[35m[39m
2023-05-03 11:47:10:4710 [32minfo[39m: [32mData source initialized successfully[39m
2023-05-03 11:47:10:4710 [32minfo[39m: [32mServer lauched successfully on port 5500[39m
2023-05-03 11:47:30:4730 [35mhttp[39m: [35mGET /v1/categories 200 2 - 3.137 ms[39m
[35m[39m
2023-05-03 11:47:31:4731 [35mhttp[39m: [35mGET /v1/categories 304 - - 0.614 ms[39m
[35m[39m
2023-05-03 11:49:18:4918 [32minfo[39m: [32mData source initialized successfully[39m
2023-05-03 11:49:18:4918 [32minfo[39m: [32mServer lauched successfully on port 5500[39m
